{"C:\\Users\\mizi\\Documents\\bithealth-fullstack\\frontend\\src\\App.js": {"path":"C:\\Users\\mizi\\Documents\\bithealth-fullstack\\frontend\\src\\App.js","statementMap":{"0":{"start":{"line":9,"column":21},"end":{"line":12,"column":1}},"1":{"start":{"line":10,"column":16},"end":{"line":10,"column":45}},"2":{"start":{"line":11,"column":2},"end":{"line":11,"column":48}},"3":{"start":{"line":15,"column":2},"end":{"line":30,"column":4}}},"fnMap":{"0":{"name":"(anonymous_0)","decl":{"start":{"line":9,"column":21},"end":{"line":9,"column":22}},"loc":{"start":{"line":9,"column":39},"end":{"line":12,"column":1}},"line":9},"1":{"name":"App","decl":{"start":{"line":14,"column":9},"end":{"line":14,"column":12}},"loc":{"start":{"line":14,"column":15},"end":{"line":31,"column":1}},"line":14}},"branchMap":{"0":{"loc":{"start":{"line":11,"column":9},"end":{"line":11,"column":47}},"type":"cond-expr","locations":[{"start":{"line":11,"column":17},"end":{"line":11,"column":25}},{"start":{"line":11,"column":28},"end":{"line":11,"column":47}}],"line":11}},"s":{"0":0,"1":0,"2":0,"3":0},"f":{"0":0,"1":0},"b":{"0":[0,0]}}
,"C:\\Users\\mizi\\Documents\\bithealth-fullstack\\frontend\\src\\components\\Dashboard.js": {"path":"C:\\Users\\mizi\\Documents\\bithealth-fullstack\\frontend\\src\\components\\Dashboard.js","statementMap":{"0":{"start":{"line":6,"column":18},"end":{"line":21,"column":1}},"1":{"start":{"line":7,"column":15},"end":{"line":7,"column":43}},"2":{"start":{"line":9,"column":2},"end":{"line":20,"column":4}}},"fnMap":{"0":{"name":"(anonymous_0)","decl":{"start":{"line":6,"column":18},"end":{"line":6,"column":19}},"loc":{"start":{"line":6,"column":24},"end":{"line":21,"column":1}},"line":6}},"branchMap":{"0":{"loc":{"start":{"line":14,"column":9},"end":{"line":16,"column":16}},"type":"cond-expr","locations":[{"start":{"line":15,"column":10},"end":{"line":15,"column":25}},{"start":{"line":16,"column":12},"end":{"line":16,"column":16}}],"line":14},"1":{"loc":{"start":{"line":14,"column":9},"end":{"line":14,"column":45}},"type":"binary-expr","locations":[{"start":{"line":14,"column":9},"end":{"line":14,"column":25}},{"start":{"line":14,"column":29},"end":{"line":14,"column":45}}],"line":14}},"s":{"0":0,"1":0,"2":0},"f":{"0":0},"b":{"0":[0,0],"1":[0,0]}}
,"C:\\Users\\mizi\\Documents\\bithealth-fullstack\\frontend\\src\\components\\Login.js": {"path":"C:\\Users\\mizi\\Documents\\bithealth-fullstack\\frontend\\src\\components\\Login.js","statementMap":{"0":{"start":{"line":6,"column":14},"end":{"line":60,"column":1}},"1":{"start":{"line":7,"column":34},"end":{"line":7,"column":46}},"2":{"start":{"line":8,"column":34},"end":{"line":8,"column":46}},"3":{"start":{"line":9,"column":19},"end":{"line":9,"column":32}},"4":{"start":{"line":11,"column":23},"end":{"line":22,"column":3}},"5":{"start":{"line":12,"column":4},"end":{"line":12,"column":23}},"6":{"start":{"line":13,"column":4},"end":{"line":21,"column":5}},"7":{"start":{"line":14,"column":19},"end":{"line":14,"column":50}},"8":{"start":{"line":15,"column":6},"end":{"line":15,"column":48}},"9":{"start":{"line":16,"column":6},"end":{"line":16,"column":46}},"10":{"start":{"line":17,"column":6},"end":{"line":17,"column":40}},"11":{"start":{"line":18,"column":6},"end":{"line":18,"column":29}},"12":{"start":{"line":20,"column":6},"end":{"line":20,"column":63}},"13":{"start":{"line":24,"column":2},"end":{"line":59,"column":4}},"14":{"start":{"line":37,"column":33},"end":{"line":37,"column":60}},"15":{"start":{"line":48,"column":33},"end":{"line":48,"column":60}}},"fnMap":{"0":{"name":"(anonymous_0)","decl":{"start":{"line":6,"column":14},"end":{"line":6,"column":15}},"loc":{"start":{"line":6,"column":20},"end":{"line":60,"column":1}},"line":6},"1":{"name":"(anonymous_1)","decl":{"start":{"line":11,"column":23},"end":{"line":11,"column":24}},"loc":{"start":{"line":11,"column":36},"end":{"line":22,"column":3}},"line":11},"2":{"name":"(anonymous_2)","decl":{"start":{"line":37,"column":26},"end":{"line":37,"column":27}},"loc":{"start":{"line":37,"column":33},"end":{"line":37,"column":60}},"line":37},"3":{"name":"(anonymous_3)","decl":{"start":{"line":48,"column":26},"end":{"line":48,"column":27}},"loc":{"start":{"line":48,"column":33},"end":{"line":48,"column":60}},"line":48}},"branchMap":{"0":{"loc":{"start":{"line":20,"column":18},"end":{"line":20,"column":61}},"type":"binary-expr","locations":[{"start":{"line":20,"column":18},"end":{"line":20,"column":43}},{"start":{"line":20,"column":47},"end":{"line":20,"column":61}}],"line":20}},"s":{"0":1,"1":10,"2":10,"3":10,"4":10,"5":2,"6":2,"7":2,"8":1,"9":1,"10":1,"11":1,"12":1,"13":10,"14":3,"15":3},"f":{"0":10,"1":2,"2":3,"3":3},"b":{"0":[1,0]},"_coverageSchema":"1a1c01bbd47fc00a2c39e90264f33305004495a9","hash":"f514aee79c4598efc7f02eabc102a3262e6f10a2"}
,"C:\\Users\\mizi\\Documents\\bithealth-fullstack\\frontend\\src\\components\\Navbar.js": {"path":"C:\\Users\\mizi\\Documents\\bithealth-fullstack\\frontend\\src\\components\\Navbar.js","statementMap":{"0":{"start":{"line":5,"column":15},"end":{"line":31,"column":1}},"1":{"start":{"line":6,"column":19},"end":{"line":6,"column":32}},"2":{"start":{"line":7,"column":15},"end":{"line":7,"column":43}},"3":{"start":{"line":9,"column":23},"end":{"line":12,"column":3}},"4":{"start":{"line":10,"column":4},"end":{"line":10,"column":13}},"5":{"start":{"line":11,"column":4},"end":{"line":11,"column":18}},"6":{"start":{"line":14,"column":2},"end":{"line":30,"column":4}}},"fnMap":{"0":{"name":"(anonymous_0)","decl":{"start":{"line":5,"column":15},"end":{"line":5,"column":16}},"loc":{"start":{"line":5,"column":21},"end":{"line":31,"column":1}},"line":5},"1":{"name":"(anonymous_1)","decl":{"start":{"line":9,"column":23},"end":{"line":9,"column":24}},"loc":{"start":{"line":9,"column":29},"end":{"line":12,"column":3}},"line":9}},"branchMap":{},"s":{"0":0,"1":0,"2":0,"3":0,"4":0,"5":0,"6":0},"f":{"0":0,"1":0},"b":{}}
,"C:\\Users\\mizi\\Documents\\bithealth-fullstack\\frontend\\src\\components\\ProductForm.js": {"path":"C:\\Users\\mizi\\Documents\\bithealth-fullstack\\frontend\\src\\components\\ProductForm.js","statementMap":{"0":{"start":{"line":5,"column":20},"end":{"line":91,"column":1}},"1":{"start":{"line":6,"column":26},"end":{"line":11,"column":4}},"2":{"start":{"line":13,"column":23},"end":{"line":15,"column":3}},"3":{"start":{"line":14,"column":4},"end":{"line":14,"column":58}},"4":{"start":{"line":17,"column":23},"end":{"line":27,"column":3}},"5":{"start":{"line":18,"column":4},"end":{"line":18,"column":23}},"6":{"start":{"line":19,"column":4},"end":{"line":26,"column":5}},"7":{"start":{"line":20,"column":6},"end":{"line":20,"column":40}},"8":{"start":{"line":21,"column":6},"end":{"line":21,"column":39}},"9":{"start":{"line":22,"column":6},"end":{"line":22,"column":70}},"10":{"start":{"line":23,"column":6},"end":{"line":23,"column":31}},"11":{"start":{"line":25,"column":6},"end":{"line":25,"column":46}},"12":{"start":{"line":29,"column":2},"end":{"line":90,"column":4}}},"fnMap":{"0":{"name":"(anonymous_0)","decl":{"start":{"line":5,"column":20},"end":{"line":5,"column":21}},"loc":{"start":{"line":5,"column":26},"end":{"line":91,"column":1}},"line":5},"1":{"name":"(anonymous_1)","decl":{"start":{"line":13,"column":23},"end":{"line":13,"column":24}},"loc":{"start":{"line":13,"column":30},"end":{"line":15,"column":3}},"line":13},"2":{"name":"(anonymous_2)","decl":{"start":{"line":17,"column":23},"end":{"line":17,"column":24}},"loc":{"start":{"line":17,"column":36},"end":{"line":27,"column":3}},"line":17}},"branchMap":{},"s":{"0":1,"1":8,"2":8,"3":5,"4":8,"5":1,"6":1,"7":1,"8":1,"9":1,"10":1,"11":0,"12":8},"f":{"0":8,"1":5,"2":1},"b":{},"_coverageSchema":"1a1c01bbd47fc00a2c39e90264f33305004495a9","hash":"c050376545ef6b0f6011a3bdf77defe02cfb978f"}
,"C:\\Users\\mizi\\Documents\\bithealth-fullstack\\frontend\\src\\components\\ProductList.js": {"path":"C:\\Users\\mizi\\Documents\\bithealth-fullstack\\frontend\\src\\components\\ProductList.js","statementMap":{"0":{"start":{"line":5,"column":20},"end":{"line":72,"column":1}},"1":{"start":{"line":6,"column":34},"end":{"line":6,"column":46}},"2":{"start":{"line":7,"column":15},"end":{"line":7,"column":43}},"3":{"start":{"line":9,"column":24},"end":{"line":16,"column":3}},"4":{"start":{"line":10,"column":4},"end":{"line":15,"column":5}},"5":{"start":{"line":11,"column":23},"end":{"line":11,"column":49}},"6":{"start":{"line":12,"column":6},"end":{"line":12,"column":33}},"7":{"start":{"line":14,"column":6},"end":{"line":14,"column":46}},"8":{"start":{"line":18,"column":2},"end":{"line":20,"column":9}},"9":{"start":{"line":19,"column":4},"end":{"line":19,"column":20}},"10":{"start":{"line":22,"column":23},"end":{"line":32,"column":3}},"11":{"start":{"line":23,"column":4},"end":{"line":31,"column":5}},"12":{"start":{"line":24,"column":6},"end":{"line":30,"column":7}},"13":{"start":{"line":25,"column":8},"end":{"line":25,"column":44}},"14":{"start":{"line":26,"column":8},"end":{"line":26,"column":41}},"15":{"start":{"line":27,"column":8},"end":{"line":27,"column":24}},"16":{"start":{"line":29,"column":8},"end":{"line":29,"column":37}},"17":{"start":{"line":34,"column":2},"end":{"line":71,"column":4}},"18":{"start":{"line":50,"column":12},"end":{"line":66,"column":17}},"19":{"start":{"line":60,"column":35},"end":{"line":60,"column":59}}},"fnMap":{"0":{"name":"(anonymous_0)","decl":{"start":{"line":5,"column":20},"end":{"line":5,"column":21}},"loc":{"start":{"line":5,"column":26},"end":{"line":72,"column":1}},"line":5},"1":{"name":"(anonymous_1)","decl":{"start":{"line":9,"column":24},"end":{"line":9,"column":25}},"loc":{"start":{"line":9,"column":36},"end":{"line":16,"column":3}},"line":9},"2":{"name":"(anonymous_2)","decl":{"start":{"line":18,"column":12},"end":{"line":18,"column":13}},"loc":{"start":{"line":18,"column":18},"end":{"line":20,"column":3}},"line":18},"3":{"name":"(anonymous_3)","decl":{"start":{"line":22,"column":23},"end":{"line":22,"column":24}},"loc":{"start":{"line":22,"column":37},"end":{"line":32,"column":3}},"line":22},"4":{"name":"(anonymous_4)","decl":{"start":{"line":49,"column":24},"end":{"line":49,"column":25}},"loc":{"start":{"line":50,"column":12},"end":{"line":66,"column":17}},"line":50},"5":{"name":"(anonymous_5)","decl":{"start":{"line":60,"column":29},"end":{"line":60,"column":30}},"loc":{"start":{"line":60,"column":35},"end":{"line":60,"column":59}},"line":60}},"branchMap":{"0":{"loc":{"start":{"line":23,"column":4},"end":{"line":31,"column":5}},"type":"if","locations":[{"start":{"line":23,"column":4},"end":{"line":31,"column":5}},{"start":{},"end":{}}],"line":23},"1":{"loc":{"start":{"line":45,"column":13},"end":{"line":45,"column":49}},"type":"binary-expr","locations":[{"start":{"line":45,"column":13},"end":{"line":45,"column":29}},{"start":{"line":45,"column":33},"end":{"line":45,"column":49}}],"line":45},"2":{"loc":{"start":{"line":56,"column":15},"end":{"line":65,"column":15}},"type":"binary-expr","locations":[{"start":{"line":56,"column":15},"end":{"line":56,"column":31}},{"start":{"line":57,"column":16},"end":{"line":64,"column":21}}],"line":56}},"s":{"0":1,"1":6,"2":6,"3":6,"4":5,"5":5,"6":4,"7":1,"8":6,"9":4,"10":6,"11":1,"12":1,"13":1,"14":1,"15":1,"16":0,"17":6,"18":4,"19":1},"f":{"0":6,"1":5,"2":4,"3":1,"4":4,"5":1},"b":{"0":[1,0],"1":[6,4],"2":[4,4]},"_coverageSchema":"1a1c01bbd47fc00a2c39e90264f33305004495a9","hash":"18a29ed9f6c3f2106cefcf2890cfb435953e8b5c"}
,"C:\\Users\\mizi\\Documents\\bithealth-fullstack\\frontend\\src\\services\\api.js": {"path":"C:\\Users\\mizi\\Documents\\bithealth-fullstack\\frontend\\src\\services\\api.js","statementMap":{"0":{"start":{"line":3,"column":12},"end":{"line":5,"column":2}},"1":{"start":{"line":7,"column":0},"end":{"line":13,"column":3}},"2":{"start":{"line":8,"column":16},"end":{"line":8,"column":45}},"3":{"start":{"line":9,"column":2},"end":{"line":11,"column":3}},"4":{"start":{"line":10,"column":4},"end":{"line":10,"column":53}},"5":{"start":{"line":12,"column":2},"end":{"line":12,"column":16}}},"fnMap":{"0":{"name":"(anonymous_0)","decl":{"start":{"line":7,"column":29},"end":{"line":7,"column":30}},"loc":{"start":{"line":7,"column":41},"end":{"line":13,"column":1}},"line":7}},"branchMap":{"0":{"loc":{"start":{"line":4,"column":11},"end":{"line":4,"column":71}},"type":"binary-expr","locations":[{"start":{"line":4,"column":11},"end":{"line":4,"column":40}},{"start":{"line":4,"column":44},"end":{"line":4,"column":71}}],"line":4},"1":{"loc":{"start":{"line":9,"column":2},"end":{"line":11,"column":3}},"type":"if","locations":[{"start":{"line":9,"column":2},"end":{"line":11,"column":3}},{"start":{},"end":{}}],"line":9}},"s":{"0":0,"1":0,"2":0,"3":0,"4":0,"5":0},"f":{"0":0},"b":{"0":[0,0],"1":[0,0]}}
,"C:\\Users\\mizi\\Documents\\bithealth-fullstack\\frontend\\src\\services\\auth.js": {"path":"C:\\Users\\mizi\\Documents\\bithealth-fullstack\\frontend\\src\\services\\auth.js","statementMap":{"0":{"start":{"line":3,"column":21},"end":{"line":6,"column":1}},"1":{"start":{"line":4,"column":19},"end":{"line":4,"column":72}},"2":{"start":{"line":5,"column":2},"end":{"line":5,"column":23}},"3":{"start":{"line":8,"column":22},"end":{"line":11,"column":1}},"4":{"start":{"line":9,"column":2},"end":{"line":9,"column":35}},"5":{"start":{"line":10,"column":2},"end":{"line":10,"column":34}}},"fnMap":{"0":{"name":"(anonymous_0)","decl":{"start":{"line":3,"column":21},"end":{"line":3,"column":22}},"loc":{"start":{"line":3,"column":51},"end":{"line":6,"column":1}},"line":3},"1":{"name":"(anonymous_1)","decl":{"start":{"line":8,"column":22},"end":{"line":8,"column":23}},"loc":{"start":{"line":8,"column":28},"end":{"line":11,"column":1}},"line":8}},"branchMap":{},"s":{"0":0,"1":0,"2":0,"3":0,"4":0,"5":0},"f":{"0":0,"1":0},"b":{}}
}
